[2025-06-24 11:57:08.696] [WARN] [Security] 未认证访问被拦截: POST /error
[2025-06-24 15:51:00.538] [WARN] [Security] 未认证访问被拦截: POST /error
[2025-06-24 15:57:26.481] [WARN] [Security] 未认证访问被拦截: POST /error
[2025-06-24 16:03:23.985] [WARN] [Security] 未认证访问被拦截: POST /error
[2025-06-24 16:12:59.848] [WARN] [Security] 未认证访问被拦截: POST /error
[2025-06-24 16:17:47.857] [INFO] 开始检查数据库完整性...
[2025-06-24 16:17:48.635] [WARN] 检测到数据库表不完整或不存在，将执行初始化脚本 `DatabaseSQL.sql`...
[2025-06-24 16:17:48.770] [ERROR] 数据库初始化脚本执行失败: Failed to execute SQL script statement #10 of class path resource [DatabaseSQL.sql]: ALTER TABLE session ADD CONSTRAINT fk_session_movie FOREIGN KEY (movie_id) REFERENCES movie(id)
[2025-06-24 16:19:55.703] [INFO] 开始检查数据库完整性...
[2025-06-24 16:19:57.107] [WARN] 检测到数据库表不完整或不存在，将执行初始化脚本 `DatabaseSQL.sql`...
[2025-06-24 16:19:58.145] [ERROR] 数据库初始化脚本执行失败: Unknown database 'cinema_ticket_db'
[2025-06-24 16:20:23.033] [INFO] 开始检查数据库完整性...
[2025-06-24 16:20:24.663] [WARN] 检测到数据库表不完整或不存在，将执行初始化脚本 `DatabaseSQL.sql`...
[2025-06-24 16:20:25.696] [ERROR] 数据库初始化脚本执行失败: Unknown database 'cinema_ticket_db'
[2025-06-24 16:21:32.579] [INFO] 开始检查数据库完整性...
[2025-06-24 16:21:34.176] [WARN] 检测到数据库表不完整或不存在，将执行初始化脚本 `DatabaseSQL.sql`...
[2025-06-24 16:21:35.211] [ERROR] 数据库初始化脚本执行失败: Unknown database 'cinema_ticket_db'
[2025-06-24 16:24:23.173] [INFO] 开始检查数据库完整性...
[2025-06-24 16:24:23.579] [WARN] 检测到数据库表不完整或不存在，将执行初始化脚本 `DatabaseSQL.sql`...
[2025-06-24 16:24:25.297] [INFO] 数据库初始化脚本执行成功。
[2025-06-24 16:24:54.511] [WARN] [Security] 未认证访问被拦截: POST /error
[2025-06-24 16:27:55.251] [INFO] 开始检查数据库完整性...
[2025-06-24 16:27:55.781] [WARN] 检测到数据库表不完整或不存在，将执行初始化脚本 `DatabaseSQL.sql`...
[2025-06-24 16:27:55.861] [ERROR] 数据库初始化脚本执行失败: Failed to execute SQL script statement #12 of class path resource [DatabaseSQL.sql]: ALTER TABLE session ADD CONSTRAINT fk_session_movie FOREIGN KEY (movie_id) REFERENCES movie(id)
[2025-06-24 16:28:44.099] [INFO] 开始检查数据库完整性...
[2025-06-24 16:28:44.286] [WARN] 检测到数据库表不完整或不存在，将执行初始化脚本 `DatabaseSQL.sql`...
[2025-06-24 16:28:44.366] [ERROR] 数据库初始化脚本执行失败: Failed to execute SQL script statement #12 of class path resource [DatabaseSQL.sql]: ALTER TABLE session ADD CONSTRAINT fk_session_movie FOREIGN KEY (movie_id) REFERENCES movie(id)
[2025-06-24 16:29:09.362] [INFO] 开始检查数据库完整性...
[2025-06-24 16:29:09.755] [WARN] 检测到数据库表不完整或不存在，将执行初始化脚本 `DatabaseSQL.sql`...
[2025-06-24 16:29:09.838] [ERROR] 数据库初始化脚本执行失败: Failed to execute SQL script statement #12 of class path resource [DatabaseSQL.sql]: ALTER TABLE session ADD CONSTRAINT fk_session_movie FOREIGN KEY (movie_id) REFERENCES movie(id)
[2025-06-24 16:32:16.846] [INFO] 开始检查数据库完整性...
[2025-06-24 16:32:17.148] [INFO] 数据库结构已存在且完整，跳过初始化。
[2025-06-24 16:33:45.713] [INFO] 开始检查数据库完整性...
[2025-06-24 16:33:45.921] [INFO] 数据库结构已存在且完整，跳过初始化。
[2025-06-24 17:09:38.074] [INFO] 开始检查数据库完整性...
[2025-06-24 17:09:38.085] [INFO] 数据库结构已存在且完整，跳过初始化。
[2025-06-24 17:13:45.566] [INFO] 开始检查数据库完整性...
[2025-06-24 17:13:45.581] [INFO] 数据库结构已存在且完整，跳过初始化。
